TN:
SF:index.html
FN:1,Object.<anonymous>
FNF:1
FNH:1
FNDA:1,Object.<anonymous>
DA:1,1
DA:2,1
DA:3,1
DA:4,1
DA:5,1
DA:6,1
DA:7,1
DA:8,1
DA:9,1
DA:10,1
DA:11,1
DA:12,1
DA:13,1
DA:14,1
DA:15,1
DA:16,1
DA:17,1
DA:18,1
DA:19,1
DA:20,1
DA:21,1
DA:22,1
DA:23,1
DA:24,1
DA:25,1
DA:26,1
DA:27,1
DA:28,1
DA:29,1
DA:30,1
DA:31,1
DA:32,1
DA:33,1
DA:34,1
DA:35,1
DA:36,1
DA:37,1
DA:38,1
DA:39,1
DA:40,1
DA:41,1
DA:42,1
DA:43,1
DA:44,1
DA:45,1
DA:46,1
DA:47,1
DA:48,1
DA:49,1
DA:50,1
DA:51,1
DA:52,1
DA:53,1
DA:54,1
DA:55,1
DA:56,1
DA:57,1
DA:58,1
DA:59,1
DA:60,1
DA:61,1
DA:62,1
DA:63,1
DA:64,1
DA:65,1
DA:66,1
DA:67,1
DA:68,1
DA:69,1
DA:70,1
DA:71,1
DA:72,1
DA:73,1
DA:74,1
DA:75,1
DA:76,1
DA:77,1
DA:78,1
DA:79,1
DA:80,1
DA:81,1
DA:82,1
DA:83,1
DA:84,1
DA:85,1
DA:86,1
DA:87,1
DA:88,1
DA:89,1
DA:90,1
DA:91,1
DA:92,1
DA:93,1
DA:94,1
DA:95,1
DA:96,1
DA:97,1
DA:98,1
DA:99,1
DA:100,1
DA:101,1
DA:102,1
LF:102
LH:102
BRDA:1,0,0,1
BRDA:1,1,0,1
BRF:2
BRH:2
end_of_record
TN:
SF:js\script.js
FN:1,Object.<anonymous>
FN:2,obtenerDatos
FN:8,guardarDatos
FN:13,inicializarDatos
FN:26,calcularTablaPosiciones
FN:93,mostrarTablaPosiciones
FN:208,cargarEquiposSelect
FNF:7
FNH:7
FNDA:1,Object.<anonymous>
FNDA:9,obtenerDatos
FNDA:5,guardarDatos
FNDA:2,inicializarDatos
FNDA:3,calcularTablaPosiciones
FNDA:1,mostrarTablaPosiciones
FNDA:2,cargarEquiposSelect
DA:1,1
DA:2,9
DA:3,9
DA:4,9
DA:5,9
DA:6,1
DA:7,1
DA:8,5
DA:9,5
DA:10,5
DA:11,1
DA:12,1
DA:13,2
DA:14,2
DA:15,1
DA:16,1
DA:17,1
DA:18,2
DA:19,2
DA:20,1
DA:21,1
DA:22,1
DA:23,2
DA:24,1
DA:25,1
DA:26,3
DA:27,3
DA:28,3
DA:29,3
DA:30,3
DA:31,3
DA:32,6
DA:33,6
DA:34,6
DA:35,6
DA:36,6
DA:37,6
DA:38,6
DA:39,6
DA:40,3
DA:41,3
DA:42,3
DA:43,3
DA:44,3
DA:45,3
DA:46,3
DA:47,3
DA:48,3
DA:49,3
DA:50,3
DA:51,3
DA:52,3
DA:53,3
DA:54,3
DA:55,3
DA:56,3
DA:57,3
DA:58,1
DA:59,1
DA:60,1
DA:61,1
DA:62,3
DA:63,1
DA:64,1
DA:65,1
DA:66,1
DA:67,1
DA:68,1
DA:69,1
DA:70,1
DA:71,1
DA:72,1
DA:73,1
DA:74,3
DA:75,3
DA:76,3
DA:77,3
DA:78,3
DA:79,3
DA:80,3
DA:81,3
DA:82,3
DA:83,3
DA:84,3
DA:85,1
DA:86,3
DA:87,3
DA:88,3
DA:89,3
DA:90,3
DA:91,1
DA:92,1
DA:93,1
DA:94,1
DA:95,1
DA:96,1
DA:97,1
DA:98,1
DA:99,1
DA:100,1
DA:101,1
DA:102,0
DA:103,0
DA:104,0
DA:105,0
DA:106,0
DA:107,0
DA:108,0
DA:109,0
DA:110,0
DA:111,0
DA:112,0
DA:113,0
DA:114,0
DA:115,0
DA:116,0
DA:117,0
DA:118,0
DA:119,1
DA:120,1
DA:121,1
DA:122,1
DA:123,1
DA:124,0
DA:125,0
DA:126,0
DA:127,0
DA:128,0
DA:129,0
DA:130,0
DA:131,0
DA:132,0
DA:133,0
DA:134,0
DA:135,0
DA:136,0
DA:137,0
DA:138,0
DA:139,0
DA:140,0
DA:141,0
DA:142,0
DA:143,0
DA:144,0
DA:145,0
DA:146,0
DA:147,0
DA:148,0
DA:149,0
DA:150,0
DA:151,0
DA:152,0
DA:153,0
DA:154,1
DA:155,1
DA:156,1
DA:157,1
DA:158,0
DA:159,1
DA:160,1
DA:161,1
DA:162,1
DA:163,0
DA:164,1
DA:165,1
DA:166,1
DA:167,1
DA:168,0
DA:169,0
DA:170,0
DA:171,0
DA:172,0
DA:173,0
DA:174,0
DA:175,0
DA:176,0
DA:177,0
DA:178,0
DA:179,0
DA:180,0
DA:181,0
DA:182,0
DA:183,0
DA:184,0
DA:185,0
DA:186,0
DA:187,0
DA:188,0
DA:189,0
DA:190,0
DA:191,0
DA:192,0
DA:193,0
DA:194,0
DA:195,0
DA:196,0
DA:197,0
DA:198,0
DA:199,0
DA:200,0
DA:201,0
DA:202,0
DA:203,0
DA:204,0
DA:205,1
DA:206,1
DA:207,1
DA:208,2
DA:209,2
DA:210,2
DA:211,2
DA:212,2
DA:213,2
DA:214,2
DA:215,2
DA:216,2
DA:217,2
DA:218,2
DA:219,2
DA:220,2
DA:221,2
DA:222,2
DA:223,3
DA:224,3
DA:225,3
DA:226,3
DA:227,2
DA:228,2
DA:229,2
DA:230,3
DA:231,3
DA:232,3
DA:233,3
DA:234,2
DA:235,2
DA:236,3
DA:237,3
DA:238,3
DA:239,3
DA:240,2
DA:241,2
DA:242,1
DA:243,1
DA:244,1
DA:245,1
DA:246,1
DA:247,1
DA:248,1
DA:249,1
DA:250,1
DA:251,1
DA:252,1
DA:253,1
DA:254,1
DA:255,1
DA:256,1
DA:257,1
DA:258,1
DA:259,1
LF:259
LH:173
BRDA:1,0,0,1
BRDA:1,1,0,1
BRDA:2,2,0,9
BRDA:4,3,0,0
BRDA:8,4,0,5
BRDA:13,5,0,2
BRDA:14,6,0,1
BRDA:19,7,0,1
BRDA:26,8,0,3
BRDA:31,9,0,6
BRDA:43,10,0,3
BRDA:57,11,0,1
BRDA:62,12,0,2
BRDA:62,13,0,1
BRDA:44,14,0,3
BRDA:45,15,0,6
BRDA:82,16,0,3
BRDA:83,17,0,2
BRDA:84,18,0,1
BRDA:84,19,0,0
BRDA:85,20,0,1
BRDA:93,21,0,1
BRDA:208,22,0,2
BRDA:222,23,0,3
BRDA:229,24,0,3
BRDA:235,25,0,3
BRF:26
BRH:24
end_of_record
